<?xml version="1.0" encoding="UTF-8"?>
<!-- Generated by org.testng.reporters.JUnitReportReporter -->
<testsuite hostname="NIBC2524" name="com.nous.NavPort.TestScript3" tests="1" failures="0" timestamp="8 Jan 2016 05:22:42 GMT" time="0.358" errors="0">
  <testcase name="NavPortDBTest" time="0.358" classname="com.nous.NavPort.TestScript3"/>
</testsuite> <!-- com.nous.NavPort.TestScript3 -->
